0 0.00127086 2.29732e-05 
1 0.00118417 2.13129e-05 
2 0.00120552 2.16994e-05 
3 0.00111765 2.02433e-05 
4 0.00102008 1.85479e-05 
5 0.000954316 1.74897e-05 
6 0.000791872 1.45875e-05 
7 0.000806869 1.48554e-05 
8 0.000806575 1.48442e-05 
9 0.000642482 1.17871e-05 
10 0.000658092 1.20136e-05 
11 0.000624824 1.14787e-05 
12 0.000570345 1.06732e-05 
13 0.000541587 1.01401e-05 
14 0.000548781 1.01811e-05 
15 0.000465928 8.62638e-06 
16 0.00044649 8.33999e-06 
17 0.000373962 6.99248e-06 
18 0.00039796 7.47764e-06 
19 0.000421549 7.92353e-06 
20 0.000320271 6.00944e-06 
21 0.000292231 5.44267e-06 
22 0.000321034 6.01315e-06 
23 0.000265759 5.0209e-06 
24 0.000240883 4.58335e-06 
25 0.000237605 4.53176e-06 
26 0.000229443 4.35546e-06 
27 0.000210554 3.99888e-06 
28 0.000189276 3.59061e-06 
29 0.000143725 2.75991e-06 
